手机通讯
手机配件
摄影摄像
数码配件
影音娱乐
智能设备
电子教育
电脑整机
电脑配件
外设产品
办公设备
文具耗材
空调
洗衣机
冰箱
生活电器
生活日用
家纺
灯具
家具
家装软饰
家装主材
五金电工
厨具
厨房卫浴
男装
女装
童装
童鞋
内衣
配饰
时尚女鞋
潮流女包
精品男包
功能箱包
钟表
珠宝首饰
流行男鞋
运动鞋包
运动服饰
健身训练
骑行运动
体育用品
户外鞋服
户外装备
房产
汽车车型
维修保养
汽车装饰
车载电器
安全自驾
奶粉
营养辅食
尿裤湿斤
玩具
乐器
新鲜水果
蔬菜蛋品
精选肉类
中外名酒
海鲜水产
冷饮冻食
地方特产
少儿
教育
文艺
科技
音像
电子书
交通出行
酒店预订
旅游度假
演出票务
生活缴费
生活服务
手机通讯
手机配件
摄影摄像
数码配件
影音娱乐
智能设备
电子教育
电脑整机
电脑配件
外设产品
办公设备
文具耗材
空调
洗衣机
冰箱
生活电器
生活日用
家纺
灯具
家具
家装软饰
家装主材
五金电工
厨具
厨房卫浴
男装
女装
童装
童鞋
内衣
配饰
时尚女鞋
潮流女包
精品男包
功能箱包
钟表
珠宝首饰
流行男鞋
运动鞋包
运动服饰
健身训练
骑行运动
体育用品
户外鞋服
户外装备
房产
汽车车型
维修保养
汽车装饰
车载电器
安全自驾
奶粉
营养辅食
尿裤湿斤
玩具
乐器
新鲜水果
蔬菜蛋品
精选肉类
中外名酒
海鲜水产
冷饮冻食
地方特产
少儿
教育
文艺
科技
音像
电子书
交通出行
酒店预订
旅游度假
演出票务
生活缴费
生活服务
